[28-Aug-2025 23:24:04 UTC] PHP Warning:  Undefined array key "HTTP_HOST" in C:\xampp\htdocs\public_html\includes\hostinger-config.php on line 32
[28-Aug-2025 23:24:14 UTC] PHP Warning:  Cannot modify header information - headers already sent by (output started at C:\xampp\htdocs\public_html\inicializar-db.php:3) in C:\xampp\htdocs\public_html\includes\hostinger-config.php on line 56
[28-Aug-2025 23:24:14 UTC] PHP Warning:  Cannot modify header information - headers already sent by (output started at C:\xampp\htdocs\public_html\inicializar-db.php:3) in C:\xampp\htdocs\public_html\includes\hostinger-config.php on line 57
[28-Aug-2025 23:24:14 UTC] PHP Warning:  Cannot modify header information - headers already sent by (output started at C:\xampp\htdocs\public_html\inicializar-db.php:3) in C:\xampp\htdocs\public_html\includes\hostinger-config.php on line 58
[28-Aug-2025 23:24:14 UTC] PHP Warning:  Undefined array key "HTTP_HOST" in C:\xampp\htdocs\public_html\includes\hostinger-config.php on line 32
[28-Aug-2025 23:24:14 UTC] PHP Warning:  Cannot modify header information - headers already sent by (output started at C:\xampp\htdocs\public_html\inicializar-db.php:3) in C:\xampp\htdocs\public_html\includes\hostinger-config.php on line 60
[28-Aug-2025 23:25:55 UTC] PHP Warning:  Undefined array key "HTTP_HOST" in C:\xampp\htdocs\public_html\includes\hostinger-config.php on line 32
[28-Aug-2025 23:26:15 UTC] PHP Warning:  Undefined array key "HTTP_HOST" in C:\xampp\htdocs\public_html\includes\hostinger-config.php on line 32
[28-Aug-2025 23:31:47 UTC] PHP Warning:  Undefined array key "HTTP_HOST" in C:\xampp\htdocs\public_html\includes\hostinger-config.php on line 32
[29-Aug-2025 01:32:28 Europe/Berlin] PHP Fatal error:  Uncaught Error: Call to undefined method JsonDB::lastInsertId() in C:\xampp\htdocs\public_html\api\criar-album.php:40
Stack trace:
#0 {main}
  thrown in C:\xampp\htdocs\public_html\api\criar-album.php on line 40
[28-Aug-2025 23:32:54 UTC] PHP Warning:  Undefined array key "HTTP_HOST" in C:\xampp\htdocs\public_html\includes\hostinger-config.php on line 32
[28-Aug-2025 23:32:54 UTC] PHP Warning:  Undefined array key "REQUEST_METHOD" in C:\xampp\htdocs\public_html\api\criar-album.php on line 10
[28-Aug-2025 23:33:00 UTC] PHP Warning:  Undefined array key "HTTP_HOST" in C:\xampp\htdocs\public_html\includes\hostinger-config.php on line 32
[28-Aug-2025 23:33:41 UTC] PHP Warning:  Undefined array key "HTTP_HOST" in C:\xampp\htdocs\public_html\includes\hostinger-config.php on line 32
[28-Aug-2025 23:35:14 UTC] PHP Warning:  Undefined array key "HTTP_HOST" in C:\xampp\htdocs\public_html\includes\hostinger-config.php on line 32
[28-Aug-2025 23:35:42 UTC] PHP Warning:  Undefined array key "HTTP_HOST" in C:\xampp\htdocs\public_html\includes\hostinger-config.php on line 32
[28-Aug-2025 23:35:42 UTC] PHP Fatal error:  Uncaught Error: Call to undefined method JsonStatement::fetch() in C:\xampp\htdocs\public_html\test_upload.php:33
Stack trace:
#0 {main}
  thrown in C:\xampp\htdocs\public_html\test_upload.php on line 33
[28-Aug-2025 23:35:58 UTC] PHP Warning:  Undefined array key "HTTP_HOST" in C:\xampp\htdocs\public_html\includes\hostinger-config.php on line 32
[28-Aug-2025 23:35:58 UTC] PHP Fatal error:  Uncaught Error: Call to undefined method JsonStatement::fetch() in C:\xampp\htdocs\public_html\test_upload.php:23
Stack trace:
#0 {main}
  thrown in C:\xampp\htdocs\public_html\test_upload.php on line 23
[28-Aug-2025 23:36:23 UTC] PHP Warning:  Undefined array key "HTTP_HOST" in C:\xampp\htdocs\public_html\includes\hostinger-config.php on line 32
[28-Aug-2025 23:36:52 UTC] PHP Warning:  Undefined array key "HTTP_HOST" in C:\xampp\htdocs\public_html\includes\hostinger-config.php on line 32
[28-Aug-2025 23:36:52 UTC] PHP Fatal error:  Uncaught Error: Call to undefined method JsonStatement::fetch() in C:\xampp\htdocs\public_html\test_list_photos.php:21
Stack trace:
#0 {main}
  thrown in C:\xampp\htdocs\public_html\test_list_photos.php on line 21
[28-Aug-2025 23:37:08 UTC] PHP Warning:  Cannot modify header information - headers already sent by (output started at C:\xampp\htdocs\public_html\test_list_photos.php:2) in C:\xampp\htdocs\public_html\includes\hostinger-config.php on line 56
[28-Aug-2025 23:37:08 UTC] PHP Warning:  Cannot modify header information - headers already sent by (output started at C:\xampp\htdocs\public_html\test_list_photos.php:2) in C:\xampp\htdocs\public_html\includes\hostinger-config.php on line 57
[28-Aug-2025 23:37:08 UTC] PHP Warning:  Cannot modify header information - headers already sent by (output started at C:\xampp\htdocs\public_html\test_list_photos.php:2) in C:\xampp\htdocs\public_html\includes\hostinger-config.php on line 58
[28-Aug-2025 23:37:08 UTC] PHP Warning:  Undefined array key "HTTP_HOST" in C:\xampp\htdocs\public_html\includes\hostinger-config.php on line 32
[28-Aug-2025 23:37:08 UTC] PHP Warning:  Cannot modify header information - headers already sent by (output started at C:\xampp\htdocs\public_html\test_list_photos.php:2) in C:\xampp\htdocs\public_html\includes\hostinger-config.php on line 60
[28-Aug-2025 23:37:08 UTC] PHP Fatal error:  Uncaught Error: Call to undefined method JsonStatement::fetchAll() in C:\xampp\htdocs\public_html\test_list_photos.php:11
Stack trace:
#0 {main}
  thrown in C:\xampp\htdocs\public_html\test_list_photos.php on line 11
[28-Aug-2025 23:37:32 UTC] PHP Warning:  Cannot modify header information - headers already sent by (output started at C:\xampp\htdocs\public_html\test_list_photos.php:2) in C:\xampp\htdocs\public_html\includes\hostinger-config.php on line 56
[28-Aug-2025 23:37:32 UTC] PHP Warning:  Cannot modify header information - headers already sent by (output started at C:\xampp\htdocs\public_html\test_list_photos.php:2) in C:\xampp\htdocs\public_html\includes\hostinger-config.php on line 57
[28-Aug-2025 23:37:32 UTC] PHP Warning:  Cannot modify header information - headers already sent by (output started at C:\xampp\htdocs\public_html\test_list_photos.php:2) in C:\xampp\htdocs\public_html\includes\hostinger-config.php on line 58
[28-Aug-2025 23:37:32 UTC] PHP Warning:  Undefined array key "HTTP_HOST" in C:\xampp\htdocs\public_html\includes\hostinger-config.php on line 32
[28-Aug-2025 23:37:32 UTC] PHP Warning:  Cannot modify header information - headers already sent by (output started at C:\xampp\htdocs\public_html\test_list_photos.php:2) in C:\xampp\htdocs\public_html\includes\hostinger-config.php on line 60
[28-Aug-2025 23:44:30 UTC] PHP Warning:  Cannot modify header information - headers already sent by (output started at C:\xampp\htdocs\public_html\test_site.php:1) in C:\xampp\htdocs\public_html\includes\hostinger-config.php on line 57
[28-Aug-2025 23:44:30 UTC] PHP Warning:  Cannot modify header information - headers already sent by (output started at C:\xampp\htdocs\public_html\test_site.php:1) in C:\xampp\htdocs\public_html\includes\hostinger-config.php on line 58
[28-Aug-2025 23:44:30 UTC] PHP Warning:  Cannot modify header information - headers already sent by (output started at C:\xampp\htdocs\public_html\test_site.php:1) in C:\xampp\htdocs\public_html\includes\hostinger-config.php on line 59
[28-Aug-2025 23:44:30 UTC] PHP Warning:  Undefined array key "total" in C:\xampp\htdocs\public_html\test_site.php on line 31
[29-Aug-2025 01:51:21 Europe/Berlin] PHP Fatal error:  Uncaught Error: Call to undefined method JsonStatement::fetch() in C:\xampp\htdocs\public_html\galeria.php:15
Stack trace:
#0 {main}
  thrown in C:\xampp\htdocs\public_html\galeria.php on line 15
[29-Aug-2025 01:51:23 Europe/Berlin] PHP Fatal error:  Uncaught Error: Call to undefined method JsonStatement::fetch() in C:\xampp\htdocs\public_html\galeria.php:15
Stack trace:
#0 {main}
  thrown in C:\xampp\htdocs\public_html\galeria.php on line 15
[29-Aug-2025 01:51:40 Europe/Berlin] PHP Fatal error:  Uncaught Error: Call to undefined method JsonStatement::fetch() in C:\xampp\htdocs\public_html\galeria.php:15
Stack trace:
#0 {main}
  thrown in C:\xampp\htdocs\public_html\galeria.php on line 15
[29-Aug-2025 01:51:42 Europe/Berlin] PHP Fatal error:  Uncaught Error: Call to undefined method JsonStatement::fetch() in C:\xampp\htdocs\public_html\galeria.php:15
Stack trace:
#0 {main}
  thrown in C:\xampp\htdocs\public_html\galeria.php on line 15
[30-Aug-2025 00:15:54 Europe/Berlin] PHP Warning:  Undefined array key "total" in C:\xampp\htdocs\public_html\inicializar-db.php on line 25
[30-Aug-2025 00:15:54 Europe/Berlin] PHP Warning:  Trying to access array offset on value of type null in C:\xampp\htdocs\public_html\inicializar-db.php on line 31
[30-Aug-2025 00:39:22 UTC] PHP Warning:  Undefined array key "REQUEST_METHOD" in C:\xampp\htdocs\public_html\api\upload-fotos.php on line 8
[30-Aug-2025 00:39:30 UTC] PHP Warning:  Undefined array key "REQUEST_METHOD" in C:\xampp\htdocs\public_html\api\upload-fotos.php on line 8
